MyURJC/android/capacitor-cordova-android-plugins/build/intermediates 2/manifest_merge_blame_file/debug/manifest-merger-blame-debug-report.txt
1<?xml version="1.0" encoding="utf-8"?>
2<manifest xmlns:amazon="http://schemas.amazon.com/apk/res/android"
3    xmlns:android="http://schemas.android.com/apk/res/android"
4    package="capacitor.cordova.android.plugins" >
5
6    <uses-sdk android:minSdkVersion="22" />
7
8    <uses-permission android:name="android.permission.BLUETOOTH" />
8-->src/main/AndroidManifest.xml:7:1-63
8-->src/main/AndroidManifest.xml:7:18-61
9    <uses-permission android:name="android.permission.BLUETOOTH_ADMIN" />
9-->src/main/AndroidManifest.xml:8:1-69
9-->src/main/AndroidManifest.xml:8:18-67
10    <uses-permission android:name="android.permission.BLUETOOTH_SCAN" />
10-->src/main/AndroidManifest.xml:9:1-68
10-->src/main/AndroidManifest.xml:9:18-66
11    <uses-permission android:name="android.permission.BLUETOOTH_CONNECT" />
11-->src/main/AndroidManifest.xml:10:1-71
11-->src/main/AndroidManifest.xml:10:18-69
12    <uses-permission android:name="android.permission.BLUETOOTH_ADVERTISE" />
12-->src/main/AndroidManifest.xml:11:1-73
12-->src/main/AndroidManifest.xml:11:18-71
13    <uses-permission android:name="android.permission.ACCESS_FINE_LOCATION" />
13-->src/main/AndroidManifest.xml:12:1-74
13-->src/main/AndroidManifest.xml:12:18-72
14    <uses-permission android:name="android.permission.ACCESS_COARSE_LOCATION" />
14-->src/main/AndroidManifest.xml:13:1-76
14-->src/main/AndroidManifest.xml:13:18-74
15
16    <application android:usesCleartextTraffic="true" >
16-->src/main/AndroidManifest.xml:4:1-6:15
16-->src/main/AndroidManifest.xml:4:15-50
17    </application>
18
19</manifest>